[    0.000000] Linux version 4.15.0-161-generic (buildd@lcy01-amd64-012) (gcc version 7.5.0 (Ubuntu 7.5.0-3ubuntu1~18.04)) #169-Ubuntu SMP Fri Oct 15 13:41:54 UTC 2021 (Ubuntu 4.15.0-161.169-generic 4.15.18)
[    0.000000] Command line: BOOT_IMAGE=/boot/vmlinuz-4.15.0-161-generic root=LABEL=cloudimg-rootfs ro console=tty1 console=ttyS0
[    0.000000] KERNEL supported cpus:
[    0.000000]   Intel GenuineIntel
[    0.000000]   AMD AuthenticAMD
[    0.000000]   Centaur CentaurHauls
[    0.000000] [Firmware Bug]: TSC doesn't count with P0 frequency!
[    0.000000] x86/fpu: Supporting XSAVE feature 0x001: 'x87 floating point registers'
[    0.000000] x86/fpu: Supporting XSAVE feature 0x002: 'SSE registers'
[    0.000000] x86/fpu: Supporting XSAVE feature 0x004: 'AVX registers'
[    0.000000] x86/fpu: xstate_offset[2]:  576, xstate_sizes[2]:  256
[    0.000000] x86/fpu: Enabled xstate features 0x7, context size is 832 bytes, using 'standard' format.
[    0.000000] e820: BIOS-provided physical RAM map:
[    0.000000] BIOS-e820: [mem 0x0000000000000000-0x000000000009fbff] usable
[    0.000000] BIOS-e820: [mem 0x000000000009fc00-0x000000000009ffff] reserved
[    0.000000] BIOS-e820: [mem 0x00000000000f0000-0x00000000000fffff] reserved
[    0.000000] BIOS-e820: [mem 0x0000000000100000-0x000000003ffeffff] usable
[    0.000000] BIOS-e820: [mem 0x000000003fff0000-0x000000003fffffff] ACPI data
[    0.000000] BIOS-e820: [mem 0x00000000fec00000-0x00000000fec00fff] reserved
[    0.000000] BIOS-e820: [mem 0x00000000fee00000-0x00000000fee00fff] reserved
[    0.000000] BIOS-e820: [mem 0x00000000fffc0000-0x00000000ffffffff] reserved
[    0.000000] NX (Execute Disable) protection: active
[    0.000000] SMBIOS 2.5 present.
[    0.000000] DMI: innotek GmbH VirtualBox/VirtualBox, BIOS VirtualBox 12/01/2006
[    0.000000] Hypervisor detected: KVM
[    0.000000] e820: last_pfn = 0x3fff0 max_arch_pfn = 0x400000000
[    0.000000] MTRR: Disabled
[    0.000000] x86/PAT: MTRRs disabled, skipping PAT initialization too.
[    0.000000] CPU MTRRs all blank - virtualized system.
[    0.000000] x86/PAT: Configuration [0-7]: WB  WT  UC- UC  WB  WT  UC- UC  
[    0.000000] found SMP MP-table at [mem 0x0009fff0-0x0009ffff]
[    0.000000] Scanning 1 areas for low memory corruption
[    0.000000] RAMDISK: [mem 0x359cd000-0x36cddfff]
[    0.000000] ACPI: Early table checksum verification disabled
[    0.000000] ACPI: RSDP 0x00000000000E0000 000024 (v02 VBOX  )
[    0.000000] ACPI: XSDT 0x000000003FFF0030 00003C (v01 VBOX   VBOXXSDT 00000001 ASL  00000061)
[    0.000000] ACPI: FACP 0x000000003FFF00F0 0000F4 (v04 VBOX   VBOXFACP 00000001 ASL  00000061)
[    0.000000] ACPI: DSDT 0x000000003FFF0470 002325 (v02 VBOX   VBOXBIOS 00000002 INTL 20100528)
[    0.000000] ACPI: FACS 0x000000003FFF0200 000040
[    0.000000] ACPI: FACS 0x000000003FFF0200 000040
[    0.000000] ACPI: APIC 0x000000003FFF0240 00005C (v02 VBOX   VBOXAPIC 00000001 ASL  00000061)
[    0.000000] ACPI: SSDT 0x000000003FFF02A0 0001CC (v01 VBOX   VBOXCPUT 00000002 INTL 20100528)
[    0.000000] ACPI: Reserving FACP table memory at [mem 0x3fff00f0-0x3fff01e3]
[    0.000000] ACPI: Reserving DSDT table memory at [mem 0x3fff0470-0x3fff2794]
[    0.000000] ACPI: Reserving FACS table memory at [mem 0x3fff0200-0x3fff023f]
[    0.000000] ACPI: Reserving FACS table memory at [mem 0x3fff0200-0x3fff023f]
[    0.000000] ACPI: Reserving APIC table memory at [mem 0x3fff0240-0x3fff029b]
[    0.000000] ACPI: Reserving SSDT table memory at [mem 0x3fff02a0-0x3fff046b]
[    0.000000] No NUMA configuration found
[    0.000000] Faking a node at [mem 0x0000000000000000-0x000000003ffeffff]
[    0.000000] NODE_DATA(0) allocated [mem 0x3ffc5000-0x3ffeffff]
[    0.000000] kvm-clock: cpu 0, msr 0:3ff44001, primary cpu clock
[    0.000000] kvm-clock: Using msrs 4b564d01 and 4b564d00
[    0.000000] kvm-clock: using sched offset of 4088902889 cycles
[    0.000000] clocksource: kvm-clock: mask: 0xffffffffffffffff max_cycles: 0x1cd42e4dffb, max_idle_ns: 881590591483 ns
[    0.000000] Zone ranges:
[    0.000000]   DMA      [mem 0x0000000000001000-0x0000000000ffffff]
[    0.000000]   DMA32    [mem 0x0000000001000000-0x000000003ffeffff]
[    0.000000]   Normal   empty
[    0.000000]   Device   empty
[    0.000000] Movable zone start for each node
[    0.000000] Early memory node ranges
[    0.000000]   node   0: [mem 0x0000000000001000-0x000000000009efff]
[    0.000000]   node   0: [mem 0x0000000000100000-0x000000003ffeffff]
[    0.000000] Reserved but unavailable: 104 pages
[    0.000000] Initmem setup node 0 [mem 0x0000000000001000-0x000000003ffeffff]
[    0.000000] ACPI: PM-Timer IO Port: 0x4008
[    0.000000] IOAPIC[0]: apic_id 2, version 32, address 0xfec00000, GSI 0-23
[    0.000000] ACPI: INT_SRC_OVR (bus 0 bus_irq 0 global_irq 2 dfl dfl)
[    0.000000] ACPI: INT_SRC_OVR (bus 0 bus_irq 9 global_irq 9 low level)
[    0.000000] Using ACPI (MADT) for SMP configuration information
[    0.000000] smpboot: Allowing 2 CPUs, 0 hotplug CPUs
[    0.000000] PM: Registered nosave memory: [mem 0x00000000-0x00000fff]
[    0.000000] PM: Registered nosave memory: [mem 0x0009f000-0x0009ffff]
[    0.000000] PM: Registered nosave memory: [mem 0x000a0000-0x000effff]
[    0.000000] PM: Registered nosave memory: [mem 0x000f0000-0x000fffff]
[    0.000000] e820: [mem 0x40000000-0xfebfffff] available for PCI devices
[    0.000000] Booting paravirtualized kernel on KVM
[    0.000000] clocksource: refined-jiffies: mask: 0xffffffff max_cycles: 0xffffffff, max_idle_ns: 7645519600211568 ns
[    0.000000] random: get_random_bytes called from start_kernel+0x99/0x500 with crng_init=0
[    0.000000] setup_percpu: NR_CPUS:8192 nr_cpumask_bits:2 nr_cpu_ids:2 nr_node_ids:1
[    0.000000] percpu: Embedded 45 pages/cpu s147456 r8192 d28672 u1048576
[    0.000000] PV qspinlock hash table entries: 256 (order: 0, 4096 bytes)
[    0.000000] Built 1 zonelists, mobility grouping on.  Total pages: 257913
[    0.000000] Policy zone: DMA32
[    0.000000] Kernel command line: BOOT_IMAGE=/boot/vmlinuz-4.15.0-161-generic root=LABEL=cloudimg-rootfs ro console=tty1 console=ttyS0
[    0.000000] Memory: 982712K/1048120K available (12300K kernel code, 2483K rwdata, 4320K rodata, 2448K init, 2724K bss, 65408K reserved, 0K cma-reserved)
[    0.000000] SLUB: HWalign=64, Order=0-3, MinObjects=0, CPUs=2, Nodes=1
[    0.000000] ftrace: allocating 39475 entries in 155 pages
[    0.004000] Hierarchical RCU implementation.
[    0.004000] 	RCU restricting CPUs from NR_CPUS=8192 to nr_cpu_ids=2.
[    0.004000] 	Tasks RCU enabled.
[    0.004000] RCU: Adjusting geometry for rcu_fanout_leaf=16, nr_cpu_ids=2
[    0.004000] NR_IRQS: 524544, nr_irqs: 440, preallocated irqs: 16
[    0.004000] Console: colour VGA+ 80x25
[    0.004000] console [tty1] enabled
[    0.004000] console [ttyS0] enabled
[    0.004000] ACPI: Core revision 20170831
[    0.004000] ACPI: 2 ACPI AML tables successfully acquired and loaded
[    0.004000] APIC: Switch to symmetric I/O mode setup
[    0.004000] x2apic enabled
[    0.004000] Switched APIC routing to physical x2apic.
[    0.004000] ..TIMER: vector=0x30 apic1=0 pin1=2 apic2=-1 pin2=-1
[    0.004000] tsc: Detected 2096.062 MHz processor
[    0.004025] Calibrating delay loop (skipped) preset value.. 4192.12 BogoMIPS (lpj=8384248)
[    0.006980] pid_max: default: 32768 minimum: 301
[    0.008143] Security Framework initialized
[    0.009362] Yama: becoming mindful.
[    0.010234] AppArmor: AppArmor initialized
[    0.014405] Dentry cache hash table entries: 131072 (order: 8, 1048576 bytes)
[    0.016153] Inode-cache hash table entries: 65536 (order: 7, 524288 bytes)
[    0.019044] Mount-cache hash table entries: 2048 (order: 2, 16384 bytes)
[    0.020051] Mountpoint-cache hash table entries: 2048 (order: 2, 16384 bytes)
[    0.024286] Last level iTLB entries: 4KB 1024, 2MB 1024, 4MB 512
[    0.025576] Last level dTLB entries: 4KB 1536, 2MB 1536, 4MB 768, 1GB 0
[    0.026797] Spectre V1 : Mitigation: usercopy/swapgs barriers and __user pointer sanitization
[    0.028010] Spectre V2 : Spectre mitigation: LFENCE not serializing, switching to generic retpoline
[    0.029729] Spectre V2 : Mitigation: Full generic retpoline
[    0.030784] Spectre V2 : Spectre v2 / SpectreRSB mitigation: Filling RSB on context switch
[    0.032006] Speculative Store Bypass: Mitigation: Speculative Store Bypass disabled via prctl and seccomp
[    0.036209] Freeing SMP alternatives memory: 36K
[    0.156000] smpboot: CPU0: AMD Ryzen 5 3500U with Radeon Vega Mobile Gfx (family: 0x17, model: 0x18, stepping: 0x1)
[    0.156000] Performance Events: PMU not available due to virtualization, using software events only.
[    0.156000] Hierarchical SRCU implementation.
[    0.156000] NMI watchdog: Perf event create on CPU 0 failed with -2
[    0.156000] NMI watchdog: Perf NMI watchdog permanently disabled
[    0.156000] smp: Bringing up secondary CPUs ...
[    0.156000] x86: Booting SMP configuration:
[    0.156000] .... node  #0, CPUs:      #1
[    0.004000] kvm-clock: cpu 1, msr 0:3ff44041, secondary cpu clock
[    0.168099] smp: Brought up 1 node, 2 CPUs
[    0.169291] smpboot: Max logical packages: 1
[    0.170591] smpboot: Total of 2 processors activated (8384.24 BogoMIPS)
[    0.172366] devtmpfs: initialized
[    0.174111] x86/mm: Memory block size: 128MB
[    0.176511] evm: security.selinux
[    0.178126] evm: security.SMACK64
[    0.180015] evm: security.SMACK64EXEC
[    0.181766] evm: security.SMACK64TRANSMUTE
[    0.184025] evm: security.SMACK64MMAP
[    0.188034] evm: security.apparmor
[    0.192031] evm: security.ima
[    0.196022] evm: security.capability
[    0.204154] clocksource: jiffies: mask: 0xffffffff max_cycles: 0xffffffff, max_idle_ns: 7645041785100000 ns
[    0.208073] futex hash table entries: 512 (order: 3, 32768 bytes)
[    0.212229] pinctrl core: initialized pinctrl subsystem
[    0.216237] RTC time:  1:59:44, date: 10/28/21
[    0.218953] NET: Registered protocol family 16
[    0.220000] audit: initializing netlink subsys (disabled)
[    0.220177] audit: type=2000 audit(1635386390.402:1): state=initialized audit_enabled=0 res=1
[    0.224069] cpuidle: using governor ladder
[    0.228118] cpuidle: using governor menu
[    0.232301] ACPI: bus type PCI registered
[    0.232301] acpiphp: ACPI Hot Plug PCI Controller Driver version: 0.5
[    0.236443] PCI: Using configuration type 1 for base access
[    0.238818] PCI: Using configuration type 1 for extended access
[    0.244889] HugeTLB registered 2.00 MiB page size, pre-allocated 0 pages
[    0.252211] ACPI: Added _OSI(Module Device)
[    0.254961] ACPI: Added _OSI(Processor Device)
[    0.256032] ACPI: Added _OSI(3.0 _SCP Extensions)
[    0.258946] ACPI: Added _OSI(Processor Aggregator Device)
[    0.260021] ACPI: Added _OSI(Linux-Dell-Video)
[    0.261526] ACPI: Added _OSI(Linux-Lenovo-NV-HDMI-Audio)
[    0.263558] ACPI: Added _OSI(Linux-HPI-Hybrid-Graphics)
[    0.264744] ACPI: Executed 1 blocks of module-level executable AML code
[    0.276000] ACPI: Interpreter enabled
[    0.276085] ACPI: (supports S0 S5)
[    0.277496] ACPI: Using IOAPIC for interrupt routing
[    0.280487] PCI: Using host bridge windows from ACPI; if necessary, use "pci=nocrs" and report a bug
[    0.284000] ACPI: Enabled 2 GPEs in block 00 to 07
[    0.298100] ACPI: PCI Root Bridge [PCI0] (domain 0000 [bus 00-ff])
[    0.300061] acpi PNP0A03:00: _OSC: OS supports [ExtendedConfig ASPM ClockPM Segments MSI]
[    0.304837] acpi PNP0A03:00: _OSC: platform does not support [PCIeCapability]
[    0.308000] acpi PNP0A03:00: _OSC: not requesting control; platform does not support [PCIeCapability]
[    0.308037] acpi PNP0A03:00: _OSC: OS requested [PCIeHotplug PME AER PCIeCapability]
[    0.312029] acpi PNP0A03:00: _OSC: platform willing to grant [PCIeHotplug PME AER]
[    0.316053] acpi PNP0A03:00: _OSC failed (AE_SUPPORT); disabling ASPM
[    0.320184] PCI host bridge to bus 0000:00
[    0.323528] pci_bus 0000:00: root bus resource [io  0x0000-0x0cf7 window]
[    0.324035] pci_bus 0000:00: root bus resource [io  0x0d00-0xffff window]
[    0.332053] pci_bus 0000:00: root bus resource [mem 0x000a0000-0x000bffff window]
[    0.334884] pci_bus 0000:00: root bus resource [mem 0x40000000-0xfdffffff window]
[    0.340067] pci_bus 0000:00: root bus resource [bus 00-ff]
[    0.345952] pci 0000:00:01.1: legacy IDE quirk: reg 0x10: [io  0x01f0-0x01f7]
[    0.348050] pci 0000:00:01.1: legacy IDE quirk: reg 0x14: [io  0x03f6]
[    0.352067] pci 0000:00:01.1: legacy IDE quirk: reg 0x18: [io  0x0170-0x0177]
[    0.356033] pci 0000:00:01.1: legacy IDE quirk: reg 0x1c: [io  0x0376]
[    0.409212] pci 0000:00:07.0: quirk: [io  0x4000-0x403f] claimed by PIIX4 ACPI
[    0.412036] pci 0000:00:07.0: quirk: [io  0x4100-0x410f] claimed by PIIX4 SMB
[    0.437800] ACPI: PCI Interrupt Link [LNKA] (IRQs 5 9 10 *11)
[    0.444188] ACPI: PCI Interrupt Link [LNKB] (IRQs 5 9 *10 11)
[    0.446420] ACPI: PCI Interrupt Link [LNKC] (IRQs 5 *9 10 11)
[    0.448264] ACPI: PCI Interrupt Link [LNKD] (IRQs 5 9 10 *11)
[    0.454240] SCSI subsystem initialized
[    0.460173] pci 0000:00:02.0: vgaarb: setting as boot VGA device
[    0.462071] pci 0000:00:02.0: vgaarb: VGA device added: decodes=io+mem,owns=io+mem,locks=none
[    0.464041] pci 0000:00:02.0: vgaarb: bridge control possible
[    0.468039] vgaarb: loaded
[    0.472134] ACPI: bus type USB registered
[    0.473807] usbcore: registered new interface driver usbfs
[    0.476160] usbcore: registered new interface driver hub
[    0.480301] usbcore: registered new device driver usb
[    0.484366] EDAC MC: Ver: 3.0.0
[    0.488204] PCI: Using ACPI for IRQ routing
[    0.490431] NetLabel: Initializing
[    0.492023] NetLabel:  domain hash size = 128
[    0.493148] NetLabel:  protocols = UNLABELED CIPSOv4 CALIPSO
[    0.494736] NetLabel:  unlabeled traffic allowed by default
[    0.500223] clocksource: Switched to clocksource kvm-clock
[    0.512360] VFS: Disk quotas dquot_6.6.0
[    0.512360] VFS: Dquot-cache hash table entries: 512 (order 0, 4096 bytes)
[    0.512360] AppArmor: AppArmor Filesystem Enabled
[    0.512360] pnp: PnP ACPI init
[    0.512360] pnp: PnP ACPI: found 3 devices
[    0.564502] clocksource: acpi_pm: mask: 0xffffff max_cycles: 0xffffff, max_idle_ns: 2085701024 ns
[    0.567860] NET: Registered protocol family 2
[    0.568447] IP idents hash table entries: 16384 (order: 5, 131072 bytes)
[    0.573977] TCP established hash table entries: 8192 (order: 4, 65536 bytes)
[    0.575747] TCP bind hash table entries: 8192 (order: 5, 131072 bytes)
[    0.577254] TCP: Hash tables configured (established 8192 bind 8192)
[    0.578712] UDP hash table entries: 512 (order: 2, 16384 bytes)
[    0.580001] UDP-Lite hash table entries: 512 (order: 2, 16384 bytes)
[    0.581219] NET: Registered protocol family 1
[    0.581219] pci 0000:00:00.0: Limiting direct PCI/PCI transfers
[    0.581219] pci 0000:00:01.0: Activating ISA DMA hang workarounds
[    0.587997] pci 0000:00:02.0: Video device with shadowed ROM at [mem 0x000c0000-0x000dffff]
[    0.590099] Unpacking initramfs...
[    1.165515] Freeing initrd memory: 19524K
[    1.169835] clocksource: tsc: mask: 0xffffffffffffffff max_cycles: 0x1e36a88731c, max_idle_ns: 440795269020 ns
[    1.173211] platform rtc_cmos: registered platform RTC device (no PNP device found)
[    1.176192] Scanning for low memory corruption every 60 seconds
[    1.185344] Initialise system trusted keyrings
[    1.187446] Key type blacklist registered
[    1.189346] workingset: timestamp_bits=36 max_order=18 bucket_order=0
[    1.192383] zbud: loaded
[    1.194085] squashfs: version 4.0 (2009/01/31) Phillip Lougher
[    1.195853] fuse init (API version 7.26)
[    1.208306] Key type asymmetric registered
[    1.209649] Asymmetric key parser 'x509' registered
[    1.210950] Block layer SCSI generic (bsg) driver version 0.4 loaded (major 246)
[    1.212755] io scheduler noop registered
[    1.214009] io scheduler deadline registered
[    1.218196] io scheduler cfq registered (default)
[    1.223023] ACPI: AC Adapter [AC] (off-line)
[    1.225461] input: Power Button as /devices/LNXSYSTM:00/LNXPWRBN:00/input/input0
[    1.228575] ACPI: Power Button [PWRF]
[    1.229700] input: Sleep Button as /devices/LNXSYSTM:00/LNXSLPBN:00/input/input1
[    1.232440] ACPI: Sleep Button [SLPF]
[    1.235234] Serial: 8250/16550 driver, 32 ports, IRQ sharing enabled
[    1.236751] ACPI: Battery Slot [BAT0] (battery present)
[    1.259768] 00:02: ttyS0 at I/O 0x3f8 (irq = 4, base_baud = 115200) is a 16550A
[    1.268250] Linux agpgart interface v0.103
[    1.273229] loop: module loaded
[    1.275395] scsi host0: ata_piix
[    1.276567] scsi host1: ata_piix
[    1.277357] ata1: PATA max UDMA/33 cmd 0x1f0 ctl 0x3f6 bmdma 0xd000 irq 14
[    1.278708] ata2: PATA max UDMA/33 cmd 0x170 ctl 0x376 bmdma 0xd008 irq 15
[    1.281299] libphy: Fixed MDIO Bus: probed
[    1.282656] tun: Universal TUN/TAP device driver, 1.6
[    1.284536] PPP generic driver version 2.4.2
[    1.286590] ehci_hcd: USB 2.0 'Enhanced' Host Controller (EHCI) Driver
[    1.288183] ehci-pci: EHCI PCI platform driver
[    1.289313] ehci-platform: EHCI generic platform driver
[    1.290393] ohci_hcd: USB 1.1 'Open' Host Controller (OHCI) Driver
[    1.291673] ohci-pci: OHCI PCI platform driver
[    1.292146] ohci-platform: OHCI generic platform driver
[    1.293795] uhci_hcd: USB Universal Host Controller Interface driver
[    1.295763] i8042: PNP: PS/2 Controller [PNP0303:PS2K,PNP0f03:PS2M] at 0x60,0x64 irq 1,12
[    1.299424] serio: i8042 KBD port at 0x60,0x64 irq 1
[    1.301776] serio: i8042 AUX port at 0x60,0x64 irq 12
[    1.304025] mousedev: PS/2 mouse device common for all mice
[    1.306759] input: AT Translated Set 2 keyboard as /devices/platform/i8042/serio0/input/input2
[    1.308645] rtc_cmos rtc_cmos: rtc core: registered rtc_cmos as rtc0
[    1.310673] rtc_cmos rtc_cmos: alarms up to one day, 114 bytes nvram
[    1.311986] i2c /dev entries driver
[    1.313075] device-mapper: uevent: version 1.0.3
[    1.314395] device-mapper: ioctl: 4.37.0-ioctl (2017-09-20) initialised: dm-devel@redhat.com
[    1.317335] ledtrig-cpu: registered to indicate activity on CPUs
[    1.320185] NET: Registered protocol family 10
[    1.327947] Segment Routing with IPv6
[    1.329038] NET: Registered protocol family 17
[    1.330212] Key type dns_resolver registered
[    1.332707] mce: Using 0 MCE banks
[    1.334245] RAS: Correctable Errors collector initialized.
[    1.335777] sched_clock: Marking stable (1332604178, 0)->(1649138989, -316534811)
[    1.338910] registered taskstats version 1
[    1.339947] Loading compiled-in X.509 certificates
[    1.345284] Loaded X.509 cert 'Build time autogenerated kernel key: 1542c441293f32312405dc023a70312e7f0d3f0a'
[    1.351270] Loaded X.509 cert 'Canonical Ltd. Live Patch Signing: 14df34d1a87cf37625abec039ef2bf521249b969'
[    1.355082] Loaded X.509 cert 'Canonical Ltd. Kernel Module Signing: 88f752e560a1e0737e31163a466ad7b70a850c19'
[    1.357597] zswap: loaded using pool lzo/zbud
[    1.366987] Key type big_key registered
[    1.368685] Key type trusted registered
[    1.374320] Key type encrypted registered
[    1.375351] AppArmor: AppArmor sha1 policy hashing enabled
[    1.376448] ima: No TPM chip found, activating TPM-bypass! (rc=-19)
[    1.377801] ima: Allocated hash algorithm: sha1
[    1.378772] evm: HMAC attrs: 0x1
[    1.379921]   Magic number: 9:674:964
[    1.381336] rtc_cmos rtc_cmos: setting system clock to 2021-10-28 01:59:45 UTC (1635386385)
[    1.384564] BIOS EDD facility v0.16 2004-Jun-25, 0 devices found
[    1.386857] EDD information not available.
[    1.476516] Freeing unused kernel image memory: 2448K
[    1.488107] Write protecting the kernel read-only data: 20480k
[    1.491526] Freeing unused kernel image memory: 2008K
[    1.493838] Freeing unused kernel image memory: 1824K
[    1.510754] x86/mm: Checked W+X mappings: passed, no W+X pages found.
Loading, please wait...
starting version 237
[    1.660079] e1000: Intel(R) PRO/1000 Network Driver - version 7.3.21-k8-NAPI
[    1.662329] e1000: Copyright (c) 1999-2006 Intel Corporation.
[    1.664941] Fusion MPT base driver 3.04.20
[    1.667346] Copyright (c) 1999-2008 LSI Corporation
[    1.693766] Fusion MPT SPI Host driver 3.04.20
[    1.708462] AVX2 version of gcm_enc/dec engaged.
[    1.709932] AES CTR mode by8 optimization enabled
[    1.905691] input: ImExPS/2 Generic Explorer Mouse as /devices/platform/i8042/serio1/input/input4
[    2.204424] e1000 0000:00:03.0 eth0: (PCI:33MHz:32-bit) 02:ba:d0:7d:d1:53
[    2.206446] e1000 0000:00:03.0 eth0: Intel(R) PRO/1000 Network Connection
[    2.209922] mptbase: ioc0: Initiating bringup
[    2.210024] e1000 0000:00:03.0 enp0s3: renamed from eth0
[    2.759761] ioc0: LSI53C1030 A0: Capabilities={Initiator}
[    5.569607] scsi host2: ioc0: LSI53C1030 A0, FwRev=00000000h, Ports=1, MaxQ=256, IRQ=20
[    5.749580] scsi 2:0:0:0: Direct-Access     VBOX     HARDDISK         1.0  PQ: 0 ANSI: 5
[    5.780090] scsi target2:0:0: Beginning Domain Validation
[    5.786188] scsi target2:0:0: Domain Validation skipping write tests
[    5.789621] scsi target2:0:0: Ending Domain Validation
[    5.792328] scsi target2:0:0: asynchronous
[    5.795215] scsi 2:0:1:0: Direct-Access     VBOX     HARDDISK         1.0  PQ: 0 ANSI: 5
[    5.840740] scsi target2:0:1: Beginning Domain Validation
[    5.845330] random: fast init done
[    5.847772] scsi target2:0:1: Domain Validation skipping write tests
[    5.849949] scsi target2:0:1: Ending Domain Validation
[    5.854112] scsi target2:0:1: asynchronous
[    5.868128] random: systemd-udevd: uninitialized urandom read (16 bytes read)
[    5.868748] sd 2:0:0:0: [sda] 83886080 512-byte logical blocks: (42.9 GB/40.0 GiB)
[    5.873550] random: systemd-udevd: uninitialized urandom read (16 bytes read)
[    5.873573] random: systemd-udevd: uninitialized urandom read (16 bytes read)
[    5.874465] sd 2:0:0:0: Attached scsi generic sg0 type 0
[    5.877984] sd 2:0:0:0: [sda] Write Protect is off
[    5.884017] sd 2:0:1:0: Attached scsi generic sg1 type 0
[    5.896084] sd 2:0:0:0: [sda] Incomplete mode parameter data
[    5.898216] sd 2:0:0:0: [sda] Assuming drive cache: write through
[    5.898349] sd 2:0:1:0: [sdb] 20480 512-byte logical blocks: (10.5 MB/10.0 MiB)
[    5.906149] sd 2:0:1:0: [sdb] Write Protect is off
[    5.908588]  sda: sda1
[    5.911894] sd 2:0:1:0: [sdb] Incomplete mode parameter data
[    5.914007] sd 2:0:0:0: [sda] Attached SCSI disk
[    5.914294] sd 2:0:1:0: [sdb] Assuming drive cache: write through
[    5.927245] sd 2:0:1:0: [sdb] Attached SCSI disk
Begin: Loading essential drivers ... [    7.752031] raid6: sse2x1   gen()  4438 MB/s
[    7.800287] raid6: sse2x1   xor()  3728 MB/s
[    7.848220] raid6: sse2x2   gen()  7684 MB/s
[    7.896301] raid6: sse2x2   xor()  4747 MB/s
[    7.944319] raid6: sse2x4   gen()  8232 MB/s
[    7.992323] raid6: sse2x4   xor()  3721 MB/s
[    8.040323] raid6: avx2x1   gen() 10389 MB/s
[    8.088272] raid6: avx2x1   xor()  7886 MB/s
[    8.136211] raid6: avx2x2   gen() 12851 MB/s
[    8.184250] raid6: avx2x2   xor()  8275 MB/s
[    8.232241] raid6: avx2x4   gen() 12904 MB/s
[    8.280238] raid6: avx2x4   xor()  6644 MB/s
[    8.281328] raid6: using algorithm avx2x4 gen() 12904 MB/s
[    8.282474] raid6: .... xor() 6644 MB/s, rmw enabled
[    8.283512] raid6: using avx2x2 recovery algorithm
[    8.286848] xor: automatically using best checksumming function   avx       
[    8.293047] async_tx: api initialized (async)
done.
Begin: Running /scripts/init-premount ... done.
Begin: Mounting root file system ... Begin: Running /scripts/local-top ... done.
Begin: Running /scripts/local-premount ... [    8.363879] Btrfs loaded, crc32c=crc32c-intel
Scanning for Btrfs filesystems
done.
Warning: fsck not present, so skipping root file system
[    8.425370] EXT4-fs (sda1): mounted filesystem with ordered data mode. Opts: (null)
done.
Begin: Running /scripts/local-bottom ... done.
Begin: Running /scripts/init-bottom ... done.
[    8.688599] ip_tables: (C) 2000-2006 Netfilter Core Team
[    8.716450] systemd[1]: systemd 237 running in system mode. (+PAM +AUDIT +SELINUX +IMA +APPARMOR +SMACK +SYSVINIT +UTMP +LIBCRYPTSETUP +GCRYPT +GNUTLS +ACL +XZ +LZ4 +SECCOMP +BLKID +ELFUTILS +KMOD -IDN2 +IDN -PCRE2 default-hierarchy=hybrid)
[    8.723284] systemd[1]: Detected virtualization oracle.
[    8.726069] systemd[1]: Detected architecture x86-64.

Welcome to [1mUbuntu 18.04.6 LTS[0m!

[    9.190413] systemd[1]: Set hostname to <ubuntu>.
[    9.202597] systemd[1]: Initializing machine ID from random generator.
[    9.206323] systemd[1]: Installed transient /etc/machine-id file.
[    9.750059] systemd[1]: Started Forward Password Requests to Wall Directory Watch.
[[0;32m  OK  [0m] Started Forward Password Requests to Wall Directory Watch.
[    9.767678] systemd[1]: Reached target System Time Synchronized.
[[0;32m  OK  [0m] Reached target System Time Synchronized.
[    9.772233] systemd[1]: Created slice System Slice.
[[0;32m  OK  [0m] Created slice System Slice.
[    9.784939] systemd[1]: Created slice system-serial\x2dgetty.slice.
[[0;32m  OK  [0m] Created slice system-serial\x2dgetty.slice.
[[0;32m  OK  [0m] Listening on LVM2 poll daemon socket.
[[0;32m  OK  [0m] Listening on fsck to fsckd communication Socket.
[[0;32m  OK  [0m] Listening on Journal Socket.
         Mounting Huge Pages File System...
         Mounting Kernel Debug File System...
[[0;32m  OK  [0m] Listening on udev Kernel Socket.
[[0;32m  OK  [0m] Listening on Journal Socket (/dev/log).
         Mounting POSIX Message Queue File System...
[[0;32m  OK  [0m] Created slice User and Session Slice.
[[0;32m  OK  [0m] Reached target Swap.
         Starting Load Kernel Modules...
[[0;32m  OK  [0m] Listening on Syslog Socket.
[[0;32m  OK  [0m] Reached target Slices.
[[0;32m  OK  [0m] Listening on Device-mapper event daemon FIFOs.
[[0;32m  OK  [0m] Listening on Network Service Netlink Socket.
[    9.873162] Loading iSCSI transport class v2.0-870.
[[0;32m  OK  [0m] Listening on LVM2 metadata daemon socket.
         Starting Monitoring of LVM2 mirrors…ng dmeventd or progress polling...
         Starting Set the console keyboard layout...
[[0;32m  OK  [0m] Reached target User and Group Name Lookups.
[    9.887120] iscsi: registered transport (tcp)
         Starting Create list of required st…ce nodes for the current kernel...
         Starting File System Check on Root Device...
         Starting Uncomplicated firewall...
[[0;32m  OK  [0m] Listening on Journal Audit Socket.
         Starting Journal Service...
[[0;32m  OK  [0m] Set up automount Arbitrary Executab…rmats File System Automount Point.
[    9.952962] iscsi: registered transport (iser)
[[0;32m  OK  [0m] Listening on udev Control Socket.
         Starting udev Coldplug all Devices...
[[0;32m  OK  [0m] Listening on /dev/initctl Compatibility Named Pipe.
[[0;32m  OK  [0m] Mounted Huge Pages File System.
[[0;32m  OK  [0m] Mounted Kernel Debug File System.
[[0;32m  OK  [0m] Mounted POSIX Message Queue File System.
[[0;32m  OK  [0m] Started Load Kernel Modules.
[[0;32m  OK  [0m] Started Create list of required sta…vice nodes for the current kernel.
[[0;32m  OK  [0m] Started Journal Service.
[[0;32m  OK  [0m] Started Uncomplicated firewall.
[[0;32m  OK  [0m] Started File System Check Daemon to report status.
         Starting Create Static Device Nodes in /dev...
         Mounting Kernel Configuration File System...
         Starting Apply Kernel Variables...
         Mounting FUSE Control File System...
[[0;32m  OK  [0m] Started File System Check on Root Device.
[[0;32m  OK  [0m] Mounted Kernel Configuration File System.
[[0;32m  OK  [0m] Mounted FUSE Control File System.
[[0;32m  OK  [0m] Started LVM2 metadata daemon.
         Starting Remount Root and Kernel File Systems...
[[0;32m  OK  [0m] Started Create Static Device Nodes in /dev.
[[0;32m  OK  [0m] Started udev Coldplug all Devices.
[   10.220358] EXT4-fs (sda1): re-mounted. Opts: (null)
[[0;32m  OK  [0m] Started Remount Root and Kernel File Systems.
         Starting udev Kernel Device Manager...
         Starting Load/Save Random Seed...
         Starting Flush Journal to Persistent Storage...
[[0;32m  OK  [0m] Started Monitoring of LVM2 mirrors,…sing dmeventd or progress polling.
[[0;32m  OK  [0m] Started udev Kernel Device Manager.
[[0;32m  OK  [0m] Started Apply Kernel Variables.
[[0;32m  OK  [0m] Started Load/Save Random Seed.
[[0;32m  OK  [0m] Started Flush Journal to Persistent Storage.
[[0;32m  OK  [0m] Found device /dev/ttyS0.
[[0;32m  OK  [0m] Listening on Load/Save RF Kill Switch Status /dev/rfkill Watch.
[[0;32m  OK  [0m] Started Set the console keyboard layout.
[[0;32m  OK  [0m] Reached target Local File Systems (Pre).
[[0;32m  OK  [0m] Reached target Local File Systems.
         Starting Commit a transient machine-id on disk...
         Starting Set console font and keymap...
         Starting AppArmor initialization...
         Starting ebtables ruleset management...
         Starting Tell Plymouth To Write Out Runtime Data...
         Starting Create Volatile Files and Directories...
[[0;32m  OK  [0m] Started Dispatch Password Requests to Console Directory Watch.
[[0;32m  OK  [0m] Reached target Local Encrypted Volumes.
[[0;32m  OK  [0m] Started Set console font and keymap.
[[0;32m  OK  [0m] Started Tell Plymouth To Write Out Runtime Data.
[[0;32m  OK  [0m] Started Commit a transient machine-id on disk.
[[0;32m  OK  [0m] Started Create Volatile Files and Directories.
         Starting Update UTMP about System Boot/Shutdown...
[[0;32m  OK  [0m] Started Update UTMP about System Boot/Shutdown.
[[0;32m  OK  [0m] Started ebtables ruleset management.
[[0;32m  OK  [0m] Started AppArmor initialization.
         Starting Load AppArmor profiles managed internally by snapd...
         Starting Initial cloud-init job (pre-networking)...
[[0;32m  OK  [0m] Started Load AppArmor profiles managed internally by snapd.
[   16.255872] cloud-init[617]: Cloud-init v. 21.3-1-g6803368d-0ubuntu1~18.04.4 running 'init-local' at Thu, 28 Oct 2021 01:59:59 +0000. Up 15.45 seconds.
[[0;32m  OK  [0m] Started Initial cloud-init job (pre-networking).
[[0;32m  OK  [0m] Reached target Network (Pre).
         Starting Network Service...
[[0;32m  OK  [0m] Started Network Service.
         Starting Network Name Resolution...
         Starting Wait for Network to be Configured...
[[0;32m  OK  [0m] Started Network Name Resolution.
[[0;32m  OK  [0m] Reached target Host and Network Name Lookups.
[[0;32m  OK  [0m] Reached target Network.
[[0;32m  OK  [0m] Started Wait for Network to be Configured.
         Starting Initial cloud-init job (metadata service crawler)...
[   19.331363] cloud-init[705]: Cloud-init v. 21.3-1-g6803368d-0ubuntu1~18.04.4 running 'init' at Thu, 28 Oct 2021 02:00:03 +0000. Up 18.99 seconds.
[   19.339936] cloud-init[705]: ci-info: ++++++++++++++++++++++++++++++++++++++Net device info++++++++++++++++++++++++++++++++++++++
[   19.342934] cloud-init[705]: ci-info: +--------+------+----------------------------+---------------+--------+-------------------+
[   19.344679] cloud-init[705]: ci-info: | Device |  Up  |          Address           |      Mask     | Scope  |     Hw-Address    |
[   19.346559] cloud-init[705]: ci-info: +--------+------+----------------------------+---------------+--------+-------------------+
[   19.348975] cloud-init[705]: ci-info: | enp0s3 | True |         10.0.2.15          | 255.255.255.0 | global | 02:ba:d0:7d:d1:53 |
[   19.361514] cloud-init[705]: ci-info: | enp0s3 | True | fe80::ba:d0ff:fe7d:d153/64 |       .       |  link  | 02:ba:d0:7d:d1:53 |
[   19.363318] cloud-init[705]: ci-info: |   lo   | True |         127.0.0.1          |   255.0.0.0   |  host  |         .         |
[   19.365986] cloud-init[705]: ci-info: |   lo   | True |          ::1/128           |       .       |  host  |         .         |
[   19.367819] cloud-init[705]: ci-info: +--------+------+----------------------------+---------------+--------+-------------------+
[   19.369556] cloud-init[705]: ci-info: ++++++++++++++++++++++++++++Route IPv4 info+++++++++++++++++++++++++++++
[   19.370985] cloud-init[705]: ci-info: +-------+-------------+----------+-----------------+-----------+-------+
[   19.372903] cloud-init[705]: ci-info: | Route | Destination | Gateway  |     Genmask     | Interface | Flags |
[   19.374127] cloud-init[705]: ci-info: +-------+-------------+----------+-----------------+-----------+-------+
[   19.375403] cloud-init[705]: ci-info: |   0   |   0.0.0.0   | 10.0.2.2 |     0.0.0.0     |   enp0s3  |   UG  |
[   19.377205] cloud-init[705]: ci-info: |   1   |   10.0.2.0  | 0.0.0.0  |  255.255.255.0  |   enp0s3  |   U   |
[   19.381660] cloud-init[705]: ci-info: |   2   |   10.0.2.2  | 0.0.0.0  | 255.255.255.255 |   enp0s3  |   UH  |
[   19.384171] cloud-init[705]: ci-info: +-------+-------------+----------+-----------------+-----------+-------+
[   19.387143] cloud-init[705]: ci-info: +++++++++++++++++++Route IPv6 info+++++++++++++++++++
[   19.389308] cloud-init[705]: ci-info: +-------+-------------+---------+-----------+-------+
[   19.390569] cloud-init[705]: ci-info: | Route | Destination | Gateway | Interface | Flags |
[   19.392433] cloud-init[705]: ci-info: +-------+-------------+---------+-----------+-------+
[   19.393980] cloud-init[705]: ci-info: |   1   |  fe80::/64  |    ::   |   enp0s3  |   U   |
[   19.395852] cloud-init[705]: ci-info: |   3   |    local    |    ::   |   enp0s3  |   U   |
[   19.398164] cloud-init[705]: ci-info: |   4   |   ff00::/8  |    ::   |   enp0s3  |   U   |
[   19.400649] cloud-init[705]: ci-info: +-------+-------------+---------+-----------+-------+
[   21.209683] cloud-init[705]: Generating public/private rsa key pair.
[   21.210994] cloud-init[705]: Your identification has been saved in /etc/ssh/ssh_host_rsa_key.
[   21.224761] cloud-init[705]: Your public key has been saved in /etc/ssh/ssh_host_rsa_key.pub.
[   21.226565] cloud-init[705]: The key fingerprint is:
[   21.228135] cloud-init[705]: SHA256:CL16+Oa4LpOs/YB+iun46TOR0au9CLZzZFaWHsiSOdw root@ubuntu-bionic
[   21.230541] cloud-init[705]: The key's randomart image is:
[   21.232289] cloud-init[705]: +---[RSA 2048]----+
[   21.233350] cloud-init[705]: |                 |
[   21.234897] cloud-init[705]: |     .           |
[   21.245225] cloud-init[705]: |. =.o o          |
[   21.256966] cloud-init[705]: | *.E.* o         |
[   21.257910] cloud-init[705]: |  oo+.+ S        |
[   21.258726] cloud-init[705]: | .o+.+           |
[   21.259469] cloud-init[705]: |oo==o .          |
[   21.260195] cloud-init[705]: |==X*.+.          |
[   21.260862] cloud-init[705]: |*O@B*=o          |
[   21.261758] cloud-init[705]: +----[SHA256]-----+
[   21.272703] cloud-init[705]: Generating public/private dsa key pair.
[   21.273907] cloud-init[705]: Your identification has been saved in /etc/ssh/ssh_host_dsa_key.
[   21.275059] cloud-init[705]: Your public key has been saved in /etc/ssh/ssh_host_dsa_key.pub.
[   21.276378] cloud-init[705]: The key fingerprint is:
[   21.277505] cloud-init[705]: SHA256:Yk6u4GfQWq6kiEj9zrovmxGAvN9bAmmR405SDpwmkEs root@ubuntu-bionic
[   21.278918] cloud-init[705]: The key's randomart image is:
[   21.280282] cloud-init[705]: +---[DSA 1024]----+
[   21.281903] cloud-init[705]: |..               |
[   21.283428] cloud-init[705]: |*E. .            |
[   21.285261] cloud-init[705]: |+O =             |
[   21.296954] cloud-init[705]: |+ B +            |
[   21.297706] cloud-init[705]: | o X  + S        |
[   21.298565] cloud-init[705]: |  O *= .         |
[   21.308792] cloud-init[705]: | .oX oo.         |
[   21.309524] cloud-init[705]: |=+.oO.+          |
[   21.310358] cloud-init[705]: |= oOO*           |
[   21.311127] cloud-init[705]: +----[SHA256]-----+
[   21.312066] cloud-init[705]: Generating public/private ecdsa key pair.
[   21.313086] cloud-init[705]: Your identification has been saved in /etc/ssh/ssh_host_ecdsa_key.
[   21.314226] cloud-init[705]: Your public key has been saved in /etc/ssh/ssh_host_ecdsa_key.pub.
[   21.315313] cloud-init[705]: The key fingerprint is:
[   21.316213] cloud-init[705]: SHA256:vWk7tJjs3qLZGr19XmJ9x1m6OPSYwhZwFCn62EpBh9I root@ubuntu-bionic
[   21.317645] cloud-init[705]: The key's randomart image is:
[   21.318716] cloud-init[705]: +---[ECDSA 256]---+
[   21.319943] cloud-init[705]: |     . .  .o     |
[   21.321598] cloud-init[705]: |    . E o o      |
[   21.322975] cloud-init[705]: |     o o o       |
[   21.323826] cloud-init[705]: |      o ...      |
[   21.324848] cloud-init[705]: |       =So.     .|
[   21.325753] cloud-init[705]: |      o.o oo.. oo|
[   21.326690] cloud-init[705]: |     ..o.=++o++.+|
[   21.327983] cloud-init[705]: |      .+==*o=+.o.|
[   21.329213] cloud-init[705]: |      +==o+=o..  |
[   21.330271] cloud-init[705]: +----[SHA256]-----+
[   21.331505] cloud-init[705]: Generating public/private ed25519 key pair.
[   21.332856] cloud-init[705]: Your identification has been saved in /etc/ssh/ssh_host_ed25519_key.
[   21.334480] cloud-init[705]: Your public key has been saved in /etc/ssh/ssh_host_ed25519_key.pub.
[   21.336565] cloud-init[705]: The key fingerprint is:
[   21.338035] cloud-init[705]: SHA256:LsQYWXqyhMbJzlQ694b9BqGE/usY1rhfPXHZi9oR5qM root@ubuntu-bionic
[   21.340838] cloud-init[705]: The key's randomart image is:
[   21.353056] cloud-init[705]: +--[ED25519 256]--+
[   21.354896] cloud-init[705]: |    . .          |
[   21.357103] cloud-init[705]: | o * +           |
[   21.358496] cloud-init[705]: |  @ O o          |
[   21.360293] cloud-init[705]: | * = % .   o     |
[   21.361359] cloud-init[705]: |  + = B S = .    |
[   21.362662] cloud-init[705]: |   + o = = o .   |
[   21.363786] cloud-init[705]: |  + o o * = .    |
[   21.365159] cloud-init[705]: | . + o o = o     |
[   21.366878] cloud-init[705]: |  oo+   E .      |
[   21.368485] cloud-init[705]: +----[SHA256]-----+
[[0;32m  OK  [0m] Started Initial cloud-init job (metadata service crawler).
[[0;32m  OK  [0m] Reached target Network is Online.
         Starting Availability of block devices...
[[0;32m  OK  [0m] Reached target Remote File Systems (Pre).
[[0;32m  OK  [0m] Reached target Remote File Systems.
[[0;32m  OK  [0m] Reached target Cloud-config availability.
[[0;32m  OK  [0m] Reached target System Initialization.
[[0;32m  OK  [0m] Started Daily apt download activities.
[[0;32m  OK  [0m] Started Daily apt upgrade and clean activities.
[[0;32m  OK  [0m] Listening on UUID daemon activation socket.
[[0;32m  OK  [0m] Started ACPI Events Check.
[[0;32m  OK  [0m] Started Daily Cleanup of Temporary Directories.
[[0;32m  OK  [0m] Started Message of the Day.
         Starting LXD - unix socket.
[[0;32m  OK  [0m] Listening on ACPID Listen Socket.
         Starting Socket activation for snappy daemon.
[[0;32m  OK  [0m] Reached target Paths.
[[0;32m  OK  [0m] Started Discard unused blocks once a week.
[[0;32m  OK  [0m] Listening on cloud-init hotplug hook socket.
[[0;32m  OK  [0m] Listening on Open-iSCSI iscsid Socket.
[[0;32m  OK  [0m] Started Ubuntu Advantage update messaging.
[[0;32m  OK  [0m] Reached target Timers.
[[0;32m  OK  [0m] Listening on D-Bus System Message Bus Socket.
[[0;32m  OK  [0m] Started Availability of block devices.
[[0;32m  OK  [0m] Listening on LXD - unix socket.
[[0;32m  OK  [0m] Listening on Socket activation for snappy daemon.
[[0;32m  OK  [0m] Reached target Sockets.
[[0;32m  OK  [0m] Reached target Basic System.
[[0;32m  OK  [0m] Started Deferred execution scheduler.
[[0;32m  OK  [0m] Started FUSE filesystem for LXC.
         Starting LSB: Record successful boot for GRUB...
[[0;32m  OK  [0m] Started D-Bus System Message Bus.
         Starting System Logging Service...
         Starting Snap Daemon...
         Starting LSB: automatic crash report generation...
         Starting Virtualbox guest utils...
[[0;32m  OK  [0m] Started irqbalance daemon.
         Starting Pollinate to seed the pseudo random number generator...
[[0;32m  OK  [0m] Started Regular background program processing daemon.
         Starting Accounts Service...
         Starting Login Service...
         Starting Permit User Sessions...
         Starting LXD - container startup/shutdown...
         Starting Dispatcher daemon for systemd-networkd...
[[0;32m  OK  [0m] Started System Logging Service.
[[0;32m  OK  [0m] Started Permit User Sessions.
         Starting Hold until boot process finishes up...
         Starting Terminate Plymouth Boot Screen...
[[0;32m  OK  [0m] Started Hold until boot process finishes up.
[[0;32m  OK  [0m] Started Terminate Plymouth Boot Screen.
[[0;32m  OK  [0m] Started Serial Getty on ttyS0.
         Starting Set console scheme...
[[0;32m  OK  [0m] Started Login Service.
[[0;32m  OK  [0m] Started Unattended Upgrades Shutdown.
[[0;32m  OK  [0m] Started Set console scheme.
[[0;32m  OK  [0m] Created slice system-getty.slice.
[[0;32m  OK  [0m] Started Getty on tty1.
[[0;32m  OK  [0m] Reached target Login Prompts.
[[0;32m  OK  [0m] Started LSB: Record successful boot for GRUB.
[[0;32m  OK  [0m] Started LSB: automatic crash report generation.
         Starting Authorization Manager...
[[0;32m  OK  [0m] Started LXD - container startup/shutdown.
[[0;32m  OK  [0m] Started Authorization Manager.
[[0;32m  OK  [0m] Started Accounts Service.
[[0;32m  OK  [0m] Started Virtualbox guest utils.
[[0;32m  OK  [0m] Started Dispatcher daemon for systemd-networkd.
[[0;32m  OK  [0m] Started Snap Daemon.
         Starting Wait until snapd is fully seeded...
[[0;32m  OK  [0m] Started Wait until snapd is fully seeded.
         Starting Apply the settings specified in cloud-config...
[[0;32m  OK  [0m] Started Pollinate to seed the pseudo random number generator.
         Starting OpenBSD Secure Shell server...
[[0;32m  OK  [0m] Started OpenBSD Secure Shell server.
[[0;32m  OK  [0m] Reached target Multi-User System.
[[0;32m  OK  [0m] Reached target Graphical Interface.
         Starting Update UTMP about System Runlevel Changes...
[[0;32m  OK  [0m] Started Update UTMP about System Runlevel Changes.
[[0;32m  OK  [0m] Created slice User Slice of vagrant.
         Starting User Manager for UID 1000...
[[0;32m  OK  [0m] Started Session 1 of user vagrant.
[[0;32m  OK  [0m] Started User Manager for UID 1000.
[   26.278807] cloud-init[1085]: Cloud-init v. 21.3-1-g6803368d-0ubuntu1~18.04.4 running 'modules:config' at Thu, 28 Oct 2021 02:00:09 +0000. Up 25.21 seconds.
[[0;32m  OK  [0m] Started Apply the settings specified in cloud-config.
         Starting Execute cloud user/final scripts...

Ubuntu 18.04.6 LTS ubuntu-bionic ttyS0

ubuntu-bionic login: ci-info: no authorized SSH keys fingerprints found for user ubuntu.
<14>Oct 28 02:00:12 cloud-init: #############################################################
<14>Oct 28 02:00:12 cloud-init: -----BEGIN SSH HOST KEY FINGERPRINTS-----
<14>Oct 28 02:00:12 cloud-init: 1024 SHA256:Yk6u4GfQWq6kiEj9zrovmxGAvN9bAmmR405SDpwmkEs root@ubuntu-bionic (DSA)
<14>Oct 28 02:00:12 cloud-init: 256 SHA256:vWk7tJjs3qLZGr19XmJ9x1m6OPSYwhZwFCn62EpBh9I root@ubuntu-bionic (ECDSA)
<14>Oct 28 02:00:12 cloud-init: 256 SHA256:LsQYWXqyhMbJzlQ694b9BqGE/usY1rhfPXHZi9oR5qM root@ubuntu-bionic (ED25519)
<14>Oct 28 02:00:12 cloud-init: 2048 SHA256:CL16+Oa4LpOs/YB+iun46TOR0au9CLZzZFaWHsiSOdw root@ubuntu-bionic (RSA)
<14>Oct 28 02:00:12 cloud-init: -----END SSH HOST KEY FINGERPRINTS-----
<14>Oct 28 02:00:12 cloud-init: #############################################################
-----BEGIN SSH HOST KEY KEYS-----
ecdsa-sha2-nistp256 AAAAE2VjZHNhLXNoYTItbmlzdHAyNTYAAAAIbmlzdHAyNTYAAABBBIuWMX51XbMm2kC7VYBeFSSmnmCasCHARUcEjpIkH2k6BSJZxX6ByqBvXvclnlq5ySjlFKmqROJEJ0wWNlfDsNg= root@ubuntu-bionic
ssh-ed25519 AAAAC3NzaC1lZDI1NTE5AAAAIHzSbVHTMtGJETHGvX6XCFpscww7QjS16xVfbHLojTea root@ubuntu-bionic
ssh-rsa AAAAB3NzaC1yc2EAAAADAQABAAABAQCYgZHTHNHB4bZF+4DWSdIJltGRuRrfuI4JhsLfHgIs7Pr/QOwN8riyMGCwmCIBlN+1lpoHBZ/fBIwc7IplMFC4a4OsPGDU+JqAqVp/i6cw5kFYmd7yrA6Ac2yBfnepvNQKEVEWgWytMT59q0aQI6YEqCqB+4p9NsBDL77PW9WVR7yUETMhqB8OcoV0M0JPIE8AeOqY81GBBD4P8eJKjc2TErlEVgRp3vJIMA+SijpBZoJNbU7+D/qjYodPa7T2FPWcjDkwUD7oYPw3ht3clpT5DBYyWEDq8/JOnuBpNbv7uEijwRG0Ug7a88POfj1/dXyXjWbukPrIWQVjVkt24xYD root@ubuntu-bionic
-----END SSH HOST KEY KEYS-----
[   28.399818] cloud-init[1212]: Cloud-init v. 21.3-1-g6803368d-0ubuntu1~18.04.4 running 'modules:final' at Thu, 28 Oct 2021 02:00:12 +0000. Up 28.00 seconds.
[   28.402192] cloud-init[1212]: ci-info: no authorized SSH keys fingerprints found for user ubuntu.
[   28.403239] cloud-init[1212]: Cloud-init v. 21.3-1-g6803368d-0ubuntu1~18.04.4 finished at Thu, 28 Oct 2021 02:00:12 +0000. Datasource DataSourceNoCloud [seed=/dev/sdb][dsmode=net].  Up 28.36 seconds
